Simulation started with age of 62 until age of 100.0
Early Retirment with age of 63.17 and wealth of 285540 CHF with income of 2714 CHF
Lumpsum Payment of  738075 CHF at age  63.17 and wealth of  1023615 CHF
Legal Retirment with age of 65.00 and wealth of 908544 CHF with income of 4666 CHF
Renewd mortage for Haus at age of 72.50. Had to amortize 348825 CHF
Sold Haus at age of 80.08.  Wealth after that is 1204835 CHF with income of 8682 
Bought Wohnung at age of 80.17.  Wealth after that is 844226 CHF with income of 7480 
Renewd mortage for Wohnung at age of 90.17. Had to amortize 54383 CHF
Simulation finished at age of 100.0 with wealth of  235534
Simulation started with age of 62 until age of 100.0
Early Retirment with age of 63.17 and wealth of 284499 CHF with income of 2714 CHF
Lumpsum Payment of  738075 CHF at age  63.17 and wealth of  1022573 CHF
Legal Retirment with age of 65.00 and wealth of 902608 CHF with income of 4666 CHF
Renewd mortage for Haus at age of 72.50. Had to amortize 348714 CHF
Sold Haus at age of 76.92.  Wealth after that is 1430746 CHF with income of 9683 
Bought Wohnung at age of 77.00.  Wealth after that is 999316 CHF with income of 8245 
Renewd mortage for Wohnung at age of 87.00. Had to amortize 62691 CHF
Sold Wohnung at age of 94.83.  Wealth after that is 765259 CHF with income of 7896 
Rented Mietwohnung at age of 94.83.
Simulation finished at age of 100.0 with wealth of  427825
Simulation started with age of 62 until age of 100.0
Early Retirment with age of 63.17 and wealth of 283458 CHF with income of 2714 CHF
Lumpsum Payment of  738075 CHF at age  63.17 and wealth of  1021533 CHF
Legal Retirment with age of 65.00 and wealth of 896604 CHF with income of 4666 CHF
Renewd mortage for Haus at age of 72.50. Had to amortize 348610 CHF
Sold Haus at age of 74.92.  Wealth after that is 1615360 CHF with income of 10478 
Bought Wohnung at age of 75.00.  Wealth after that is 1122728 CHF with income of 8836 
Renewd mortage for Wohnung at age of 85.00. Had to amortize 66770 CHF
Sold Wohnung at age of 89.92.  Wealth after that is 1006177 CHF with income of 9271 
Rented Mietwohnung at age of 89.92.
Simulation finished at age of 99.75 with wealth of -10821
Simulation started with age of 62 until age of 100.0
Early Retirment with age of 63.17 and wealth of 282418 CHF with income of 2714 CHF
Lumpsum Payment of  738075 CHF at age  63.17 and wealth of  1020492 CHF
Legal Retirment with age of 65.00 and wealth of 890533 CHF with income of 4666 CHF
Renewd mortage for Haus at age of 72.50. Had to amortize 348524 CHF
Sold Haus at age of 73.50.  Wealth after that is 1746811 CHF with income of 11010 
Bought Wohnung at age of 73.58.  Wealth after that is 1210249 CHF with income of 9221 
Renewd mortage for Wohnung at age of 83.58. Had to amortize 71292 CHF
Sold Wohnung at age of 86.33.  Wealth after that is 1217613 CHF with income of 10404 
Rented Mietwohnung at age of 86.33.
Simulation finished at age of 95.66666666666666 with wealth of -12384
